2021-12-28 22:45:07,293 INFO org.springframework.boot.StartupInfoLogger [main] Starting DocBasicStarterApplication using Java 17.0.1 on DESKTOP-D8G69M6 with PID 18916 (C:\Users\ZEESHAN\Desktop\MyProject\springbootdockproject\SpringBootDocBasic\DocBasicStarter\target\classes started by ZEESHAN in C:\Users\ZEESHAN\Desktop\MyProject\springbootdockproject\SpringBootDocBasic\DocBasicStarter)
2021-12-28 22:45:07,299 DEBUG org.springframework.boot.StartupInfoLogger [main] Running with Spring Boot v2.6.0, Spring v5.3.13
2021-12-28 22:45:07,299 INFO org.springframework.boot.SpringApplication [main] No active profile set, falling back to default profiles: default
2021-12-28 22:45:09,418 INFO org.springframework.boot.StartupInfoLogger [main] Started DocBasicStarterApplication in 2.596 seconds (JVM running for 4.116)
2021-12-28 23:00:58,862 INFO com.myprojectdoc.main.DocBasicStarterApplication [main] DocBasicStarterApplication main start
2021-12-28 23:00:59,517 INFO org.springframework.boot.StartupInfoLogger [main] Starting DocBasicStarterApplication using Java 17.0.1 on DESKTOP-D8G69M6 with PID 1308 (C:\Users\ZEESHAN\Desktop\MyProject\springbootdockproject\SpringBootDocBasic\DocBasicStarter\target\classes started by ZEESHAN in C:\Users\ZEESHAN\Desktop\MyProject\springbootdockproject\SpringBootDocBasic\DocBasicStarter)
2021-12-28 23:00:59,521 DEBUG org.springframework.boot.StartupInfoLogger [main] Running with Spring Boot v2.6.0, Spring v5.3.13
2021-12-28 23:00:59,522 INFO org.springframework.boot.SpringApplication [main] No active profile set, falling back to default profiles: default
2021-12-28 23:01:01,728 INFO org.springframework.boot.StartupInfoLogger [main] Started DocBasicStarterApplication in 2.739 seconds (JVM running for 4.361)
2021-12-28 23:01:01,732 INFO com.myprojectdoc.main.DocBasicStarterApplication [main] DocBasicStarterApplication main end
2021-12-28 23:01:41,499 INFO com.myprojectdoc.main.DocBasicStarterApplication [main] DocBasicStarterApplication main start
2021-12-28 23:03:35,945 INFO com.myprojectdoc.main.DocBasicStarterApplication [main] DocBasicStarterApplication main start
2021-12-28 23:03:44,208 INFO org.springframework.boot.StartupInfoLogger [main] Starting DocBasicStarterApplication using Java 17.0.1 on DESKTOP-D8G69M6 with PID 25880 (C:\Users\ZEESHAN\Desktop\MyProject\springbootdockproject\SpringBootDocBasic\DocBasicStarter\target\classes started by ZEESHAN in C:\Users\ZEESHAN\Desktop\MyProject\springbootdockproject\SpringBootDocBasic\DocBasicStarter)
2021-12-28 23:03:44,211 DEBUG org.springframework.boot.StartupInfoLogger [main] Running with Spring Boot v2.6.0, Spring v5.3.13
2021-12-28 23:03:44,212 INFO org.springframework.boot.SpringApplication [main] No active profile set, falling back to default profiles: default
2021-12-28 23:03:46,379 INFO org.springframework.boot.StartupInfoLogger [main] Started DocBasicStarterApplication in 2.665 seconds (JVM running for 11.888)
2021-12-28 23:03:46,382 INFO com.myprojectdoc.main.DocBasicStarterApplication [main] DocBasicStarterApplication main end
2021-12-28 23:21:44,005 INFO com.myprojectdoc.main.DocBasicStarterApplication [main] DocBasicStarterApplication main start
2021-12-28 23:21:44,454 INFO org.springframework.boot.StartupInfoLogger [main] Starting DocBasicStarterApplication using Java 17.0.1 on DESKTOP-D8G69M6 with PID 28528 (C:\Users\ZEESHAN\Desktop\MyProject\springbootdockproject\SpringBootDocBasic\DocBasicStarter\target\classes started by ZEESHAN in C:\Users\ZEESHAN\Desktop\MyProject\springbootdockproject\SpringBootDocBasic\DocBasicStarter)
2021-12-28 23:21:44,457 DEBUG org.springframework.boot.StartupInfoLogger [main] Running with Spring Boot v2.6.0, Spring v5.3.13
2021-12-28 23:21:44,458 INFO org.springframework.boot.SpringApplication [main] No active profile set, falling back to default profiles: default
2021-12-28 23:22:13,954 INFO com.myprojectdoc.main.DocBasicStarterApplication [main] DocBasicStarterApplication main start
2021-12-28 23:22:14,386 INFO org.springframework.boot.StartupInfoLogger [main] Starting DocBasicStarterApplication using Java 17.0.1 on DESKTOP-D8G69M6 with PID 17740 (C:\Users\ZEESHAN\Desktop\MyProject\springbootdockproject\SpringBootDocBasic\DocBasicStarter\target\classes started by ZEESHAN in C:\Users\ZEESHAN\Desktop\MyProject\springbootdockproject\SpringBootDocBasic\DocBasicStarter)
2021-12-28 23:22:14,387 DEBUG org.springframework.boot.StartupInfoLogger [main] Running with Spring Boot v2.6.0, Spring v5.3.13
2021-12-28 23:22:14,389 INFO org.springframework.boot.SpringApplication [main] No active profile set, falling back to default profiles: default
2021-12-28 23:22:15,747 INFO org.springframework.boot.StartupInfoLogger [main] Started DocBasicStarterApplication in 1.699 seconds (JVM running for 2.802)
2021-12-28 23:22:15,750 INFO com.myprojectdoc.main.DocBasicStarterApplication [main] DocBasicStarterApplication main end
2021-12-28 23:23:23,755 INFO com.myprojectdoc.main.DocBasicStarterApplication [main] DocBasicStarterApplication main start
2021-12-28 23:23:24,184 INFO org.springframework.boot.StartupInfoLogger [main] Starting DocBasicStarterApplication using Java 17.0.1 on DESKTOP-D8G69M6 with PID 28936 (C:\Users\ZEESHAN\Desktop\MyProject\springbootdockproject\SpringBootDocBasic\DocBasicStarter\target\classes started by ZEESHAN in C:\Users\ZEESHAN\Desktop\MyProject\springbootdockproject\SpringBootDocBasic\DocBasicStarter)
2021-12-28 23:23:24,188 DEBUG org.springframework.boot.StartupInfoLogger [main] Running with Spring Boot v2.6.0, Spring v5.3.13
2021-12-28 23:23:24,189 INFO org.springframework.boot.SpringApplication [main] No active profile set, falling back to default profiles: default
2021-12-28 23:23:25,582 INFO org.springframework.boot.StartupInfoLogger [main] Started DocBasicStarterApplication in 1.732 seconds (JVM running for 2.852)
2021-12-28 23:23:25,586 INFO com.myprojectdoc.main.DocBasicStarterApplication [main] DocBasicStarterApplication main end
2021-12-28 23:24:55,158 INFO com.myprojectdoc.main.DocBasicStarterApplication [main] DocBasicStarterApplication main start
2021-12-28 23:24:55,608 INFO org.springframework.boot.StartupInfoLogger [main] Starting DocBasicStarterApplication using Java 17.0.1 on DESKTOP-D8G69M6 with PID 13256 (C:\Users\ZEESHAN\Desktop\MyProject\springbootdockproject\SpringBootDocBasic\DocBasicStarter\target\classes started by ZEESHAN in C:\Users\ZEESHAN\Desktop\MyProject\springbootdockproject\SpringBootDocBasic\DocBasicStarter)
2021-12-28 23:24:55,613 DEBUG org.springframework.boot.StartupInfoLogger [main] Running with Spring Boot v2.6.0, Spring v5.3.13
2021-12-28 23:24:55,613 INFO org.springframework.boot.SpringApplication [main] No active profile set, falling back to default profiles: default
2021-12-28 23:24:56,995 INFO org.springframework.boot.StartupInfoLogger [main] Started DocBasicStarterApplication in 1.741 seconds (JVM running for 2.836)
2021-12-28 23:24:56,997 INFO com.myprojectdoc.main.DocBasicStarterApplication [main] DocBasicStarterApplication main end
2021-12-28 23:25:04,740 INFO com.myprojectdoc.main.DocBasicStarterApplication [main] DocBasicStarterApplication main start
2021-12-28 23:25:05,166 INFO org.springframework.boot.StartupInfoLogger [main] Starting DocBasicStarterApplication using Java 17.0.1 on DESKTOP-D8G69M6 with PID 26396 (C:\Users\ZEESHAN\Desktop\MyProject\springbootdockproject\SpringBootDocBasic\DocBasicStarter\target\classes started by ZEESHAN in C:\Users\ZEESHAN\Desktop\MyProject\springbootdockproject\SpringBootDocBasic\DocBasicStarter)
2021-12-28 23:25:05,169 DEBUG org.springframework.boot.StartupInfoLogger [main] Running with Spring Boot v2.6.0, Spring v5.3.13
2021-12-28 23:25:05,169 INFO org.springframework.boot.SpringApplication [main] No active profile set, falling back to default profiles: default
2021-12-28 23:25:09,395 INFO org.springframework.boot.StartupInfoLogger [main] Started DocBasicStarterApplication in 4.568 seconds (JVM running for 5.81)
2021-12-28 23:25:09,399 INFO com.myprojectdoc.main.DocBasicStarterApplication [main] DocBasicStarterApplication main end
2021-12-28 23:25:34,360 INFO com.myprojectdoc.main.DocBasicStarterApplication [main] DocBasicStarterApplication main start
2021-12-28 23:25:34,763 INFO org.springframework.boot.StartupInfoLogger [main] Starting DocBasicStarterApplication using Java 17.0.1 on DESKTOP-D8G69M6 with PID 26968 (C:\Users\ZEESHAN\Desktop\MyProject\springbootdockproject\SpringBootDocBasic\DocBasicStarter\target\classes started by ZEESHAN in C:\Users\ZEESHAN\Desktop\MyProject\springbootdockproject\SpringBootDocBasic\DocBasicStarter)
2021-12-28 23:25:34,767 DEBUG org.springframework.boot.StartupInfoLogger [main] Running with Spring Boot v2.6.0, Spring v5.3.13
2021-12-28 23:25:34,767 INFO org.springframework.boot.SpringApplication [main] No active profile set, falling back to default profiles: default
2021-12-28 23:25:38,226 INFO org.springframework.boot.StartupInfoLogger [main] Started DocBasicStarterApplication in 3.778 seconds (JVM running for 4.901)
2021-12-28 23:25:38,228 INFO com.myprojectdoc.main.DocBasicStarterApplication [main] DocBasicStarterApplication main end
2021-12-28 23:26:08,182 INFO com.myprojectdoc.main.DocBasicStarterApplication [main] DocBasicStarterApplication main start
2021-12-28 23:26:08,610 INFO org.springframework.boot.StartupInfoLogger [main] Starting DocBasicStarterApplication using Java 17.0.1 on DESKTOP-D8G69M6 with PID 30464 (C:\Users\ZEESHAN\Desktop\MyProject\springbootdockproject\SpringBootDocBasic\DocBasicStarter\target\classes started by ZEESHAN in C:\Users\ZEESHAN\Desktop\MyProject\springbootdockproject\SpringBootDocBasic\DocBasicStarter)
2021-12-28 23:26:08,612 DEBUG org.springframework.boot.StartupInfoLogger [main] Running with Spring Boot v2.6.0, Spring v5.3.13
2021-12-28 23:26:08,612 INFO org.springframework.boot.SpringApplication [main] No active profile set, falling back to default profiles: default
2021-12-28 23:26:09,982 INFO org.springframework.boot.StartupInfoLogger [main] Started DocBasicStarterApplication in 1.71 seconds (JVM running for 2.851)
2021-12-28 23:26:09,985 INFO com.myprojectdoc.main.DocBasicStarterApplication [main] DocBasicStarterApplication main end
2021-12-28 23:38:41,163 INFO org.springframework.boot.StartupInfoLogger [main] Starting DocBasicStarterApplicationTests using Java 11.0.12 on DESKTOP-D8G69M6 with PID 808 (started by ZEESHAN in C:\Users\ZEESHAN\Desktop\MyProject\springbootdockproject\SpringBootDocBasic\DocBasicStarter)
2021-12-28 23:38:41,170 DEBUG org.springframework.boot.StartupInfoLogger [main] Running with Spring Boot v2.6.0, Spring v5.3.13
2021-12-28 23:38:41,171 INFO org.springframework.boot.SpringApplication [main] No active profile set, falling back to default profiles: default
2021-12-28 23:38:43,959 INFO org.springframework.boot.StartupInfoLogger [main] Started DocBasicStarterApplicationTests in 3.185 seconds (JVM running for 5.084)
2021-12-28 23:47:02,254 INFO org.springframework.boot.StartupInfoLogger [main] Starting DocBasicStarterApplicationTests using Java 11.0.12 on DESKTOP-D8G69M6 with PID 26120 (started by ZEESHAN in C:\Users\ZEESHAN\Desktop\MyProject\springbootdockproject\SpringBootDocBasic\DocBasicStarter)
2021-12-28 23:47:02,257 DEBUG org.springframework.boot.StartupInfoLogger [main] Running with Spring Boot v2.6.0, Spring v5.3.13
2021-12-28 23:47:02,258 INFO org.springframework.boot.SpringApplication [main] No active profile set, falling back to default profiles: default
2021-12-28 23:47:04,820 INFO org.springframework.boot.StartupInfoLogger [main] Started DocBasicStarterApplicationTests in 2.942 seconds (JVM running for 5.038)
2021-12-28 23:54:47,012 INFO org.springframework.boot.StartupInfoLogger [main] Starting DocBasicStarterApplicationTests using Java 11.0.12 on DESKTOP-D8G69M6 with PID 29104 (started by ZEESHAN in C:\Users\ZEESHAN\Desktop\MyProject\springbootdockproject\SpringBootDocBasic\DocBasicStarter)
2021-12-28 23:54:47,014 DEBUG org.springframework.boot.StartupInfoLogger [main] Running with Spring Boot v2.6.0, Spring v5.3.13
2021-12-28 23:54:47,014 INFO org.springframework.boot.SpringApplication [main] No active profile set, falling back to default profiles: default
2021-12-28 23:54:49,784 INFO org.springframework.boot.StartupInfoLogger [main] Started DocBasicStarterApplicationTests in 3.128 seconds (JVM running for 5.001)
